[0905/170123.711:ERROR:process_memory_win.cc(73)] ReadMemory at 0xe30000 of 64 bytes failed: Only part of a ReadProcessMemory or WriteProcessMemory request was completed. (0x12B)
[0905/170123.986:WARNING:pe_image_reader.cc(340)] could not read dos header from C:\Program Files\Google\Chrome\Application\chrome.exe
[0905/170123.986:ERROR:process_memory_win.cc(73)] ReadMemory at 0x778b0000 of 64 bytes failed: Only part of a ReadProcessMemory or WriteProcessMemory request was completed. (0x12B)
[0905/170123.986:WARNING:pe_image_reader.cc(340)] could not read dos header from C:\WINDOWS\SYSTEM32\ntdll.dll
[0905/170123.986:ERROR:process_memory_win.cc(73)] ReadMemory at 0x772b0000 of 64 bytes failed: Only part of a ReadProcessMemory or WriteProcessMemory request was completed. (0x12B)
[0905/170124.065:WARNING:pe_image_reader.cc(340)] could not read dos header from C:\WINDOWS\System32\KERNEL32.DLL
[0905/170124.065:ERROR:process_memory_win.cc(73)] ReadMemory at 0x75390000 of 64 bytes failed: Only part of a ReadProcessMemory or WriteProcessMemory request was completed. (0x12B)
[0905/170124.065:WARNING:pe_image_reader.cc(340)] could not read dos header from C:\WINDOWS\System32\KERNELBASE.dll
[0905/170124.065:ERROR:process_memory_win.cc(73)] ReadMemory at 0x5d530000 of 64 bytes failed: Only part of a ReadProcessMemory or WriteProcessMemory request was completed. (0x12B)
[0905/170124.065:WARNING:pe_image_reader.cc(340)] could not read dos header from C:\Program Files\Google\Chrome\Application\85.0.4183.83\chrome_elf.dll
[0905/170124.066:ERROR:process_memory_win.cc(73)] ReadMemory at 0x69940000 of 64 bytes failed: Only part of a ReadProcessMemory or WriteProcessMemory request was completed. (0x12B)
[0905/170124.066:WARNING:pe_image_reader.cc(340)] could not read dos header from C:\WINDOWS\SYSTEM32\VERSION.dll
[0905/170124.066:ERROR:process_memory_win.cc(73)] ReadMemory at 0x77350000 of 64 bytes failed: Only part of a ReadProcessMemory or WriteProcessMemory request was completed. (0x12B)
[0905/170124.066:WARNING:pe_image_reader.cc(340)] could not read dos header from C:\WINDOWS\System32\msvcrt.dll
[0905/170124.067:ERROR:process_memory_win.cc(73)] ReadMemory at 0x751a0000 of 64 bytes failed: Only part of a ReadProcessMemory or WriteProcessMemory request was completed. (0x12B)
[0905/170124.067:WARNING:pe_image_reader.cc(340)] could not read dos header from C:\WINDOWS\System32\bcryptPrimitives.dll
[0905/170124.067:ERROR:process_memory_win.cc(73)] ReadMemory at 0x736d0000 of 64 bytes failed: Only part of a ReadProcessMemory or WriteProcessMemory request was completed. (0x12B)
[0905/170124.067:WARNING:pe_image_reader.cc(340)] could not read dos header from C:\WINDOWS\SYSTEM32\WINMM.dll
[0905/170124.067:ERROR:process_memory_win.cc(73)] ReadMemory at 0x736a0000 of 64 bytes failed: Only part of a ReadProcessMemory or WriteProcessMemory request was completed. (0x12B)
[0905/170124.067:WARNING:pe_image_reader.cc(340)] could not read dos header from C:\WINDOWS\SYSTEM32\WINMMBASE.dll
[0905/170124.067:ERROR:process_memory_win.cc(73)] ReadMemory at 0x755d0000 of 64 bytes failed: Only part of a ReadProcessMemory or WriteProcessMemory request was completed. (0x12B)
[0905/170124.067:WARNING:pe_image_reader.cc(340)] could not read dos header from C:\WINDOWS\System32\cfgmgr32.dll
[0905/170124.067:ERROR:process_memory_win.cc(73)] ReadMemory at 0x75be0000 of 64 bytes failed: Only part of a ReadProcessMemory or WriteProcessMemory request was completed. (0x12B)
[0905/170124.067:WARNING:pe_image_reader.cc(340)] could not read dos header from C:\WINDOWS\System32\ucrtbase.dll
[0905/170124.067:ERROR:process_memory_win.cc(73)] ReadMemory at 0x77630000 of 64 bytes failed: Only part of a ReadProcessMemory or WriteProcessMemory request was completed. (0x12B)
[0905/170124.068:WARNING:pe_image_reader.cc(340)] could not read dos header from C:\WINDOWS\System32\ADVAPI32.dll
[0905/170124.068:ERROR:process_memory_win.cc(73)] ReadMemory at 0x75f50000 of 64 bytes failed: Only part of a ReadProcessMemory or WriteProcessMemory request was completed. (0x12B)
[0905/170124.068:WARNING:pe_image_reader.cc(340)] could not read dos header from C:\WINDOWS\System32\sechost.dll
[0905/170124.068:ERROR:process_memory_win.cc(73)] ReadMemory at 0x76870000 of 64 bytes failed: Only part of a ReadProcessMemory or WriteProcessMemory request was completed. (0x12B)
[0905/170124.068:WARNING:pe_image_reader.cc(340)] could not read dos header from C:\WINDOWS\System32\RPCRT4.dll
[0905/170124.068:ERROR:process_memory_win.cc(73)] ReadMemory at 0xf030000 of 64 bytes failed: Only part of a ReadProcessMemory or WriteProcessMemory request was completed. (0x12B)
[0905/170124.068:WARNING:pe_image_reader.cc(340)] could not read dos header from C:\Program Files\Google\Chrome\Application\85.0.4183.83\chrome.dll
[0905/170124.068:ERROR:process_memory_win.cc(73)] ReadMemory at 0x76100000 of 64 bytes failed: Only part of a ReadProcessMemory or WriteProcessMemory request was completed. (0x12B)
[0905/170124.068:WARNING:pe_image_reader.cc(340)] could not read dos header from C:\WINDOWS\System32\WS2_32.dll
[0905/170124.068:ERROR:process_memory_win.cc(73)] ReadMemory at 0x76060000 of 64 bytes failed: Only part of a ReadProcessMemory or WriteProcessMemory request was completed. (0x12B)
[0905/170124.069:WARNING:pe_image_reader.cc(340)] could not read dos header from C:\WINDOWS\System32\OLEAUT32.dll
[0905/170124.069:ERROR:process_memory_win.cc(73)] ReadMemory at 0x75d20000 of 64 bytes failed: Only part of a ReadProcessMemory or WriteProcessMemory request was completed. (0x12B)
[0905/170124.069:WARNING:pe_image_reader.cc(340)] could not read dos header from C:\WINDOWS\System32\msvcp_win.dll
[0905/170124.069:ERROR:process_memory_win.cc(73)] ReadMemory at 0x769a0000 of 64 bytes failed: Only part of a ReadProcessMemory or WriteProcessMemory request was completed. (0x12B)
[0905/170124.069:WARNING:pe_image_reader.cc(340)] could not read dos header from C:\WINDOWS\System32\combase.dll
[0905/170124.069:ERROR:process_memory_win.cc(73)] ReadMemory at 0x75da0000 of 64 bytes failed: Only part of a ReadProcessMemory or WriteProcessMemory request was completed. (0x12B)
[0905/170124.069:WARNING:pe_image_reader.cc(340)] could not read dos header from C:\WINDOWS\System32\WINTRUST.dll
[0905/170124.069:ERROR:process_memory_win.cc(73)] ReadMemory at 0x75190000 of 64 bytes failed: Only part of a ReadProcessMemory or WriteProcessMemory request was completed. (0x12B)
[0905/170124.069:WARNING:pe_image_reader.cc(340)] could not read dos header from C:\WINDOWS\System32\MSASN1.dll
[0905/170124.069:ERROR:process_memory_win.cc(73)] ReadMemory at 0x75200000 of 64 bytes failed: Only part of a ReadProcessMemory or WriteProcessMemory request was completed. (0x12B)
[0905/170124.069:WARNING:pe_image_reader.cc(340)] could not read dos header from C:\WINDOWS\System32\CRYPT32.dll
[0905/170124.070:ERROR:process_memory_win.cc(73)] ReadMemory at 0x747f0000 of 64 bytes failed: Only part of a ReadProcessMemory or WriteProcessMemory request was completed. (0x12B)
[0905/170124.070:WARNING:pe_image_reader.cc(340)] could not read dos header from C:\WINDOWS\SYSTEM32\IPHLPAPI.DLL
[0905/170124.070:ERROR:process_memory_win.cc(73)] ReadMemory at 0x6fb60000 of 64 bytes failed: Only part of a ReadProcessMemory or WriteProcessMemory request was completed. (0x12B)
[0905/170124.070:WARNING:pe_image_reader.cc(340)] could not read dos header from C:\WINDOWS\SYSTEM32\UIAutomationCore.DLL
[0905/170124.070:ERROR:process_memory_win.cc(73)] ReadMemory at 0x64ed0000 of 64 bytes failed: Only part of a ReadProcessMemory or WriteProcessMemory request was completed. (0x12B)
[0905/170124.070:WARNING:pe_image_reader.cc(340)] could not read dos header from C:\WINDOWS\SYSTEM32\Secur32.dll
[0905/170124.070:ERROR:process_memory_win.cc(73)] ReadMemory at 0x75020000 of 64 bytes failed: Only part of a ReadProcessMemory or WriteProcessMemory request was completed. (0x12B)
[0905/170124.070:WARNING:pe_image_reader.cc(340)] could not read dos header from C:\WINDOWS\SYSTEM32\USERENV.dll
[0905/170124.070:ERROR:process_memory_win.cc(73)] ReadMemory at 0x75160000 of 64 bytes failed: Only part of a ReadProcessMemory or WriteProcessMemory request was completed. (0x12B)
[0905/170124.148:WARNING:pe_image_reader.cc(340)] could not read dos header from C:\WINDOWS\System32\profapi.dll
[0905/170124.149:ERROR:process_memory_win.cc(73)] ReadMemory at 0x6e130000 of 64 bytes failed: Only part of a ReadProcessMemory or WriteProcessMemory request was completed. (0x12B)
[0905/170124.149:WARNING:pe_image_reader.cc(340)] could not read dos header from C:\WINDOWS\SYSTEM32\DWrite.dll
[0905/170124.149:ERROR:process_memory_win.cc(73)] ReadMemory at 0x68f80000 of 64 bytes failed: Only part of a ReadProcessMemory or WriteProcessMemory request was completed. (0x12B)
[0905/170124.149:WARNING:pe_image_reader.cc(340)] could not read dos header from C:\WINDOWS\SYSTEM32\WINSPOOL.DRV
[0905/170124.149:ERROR:process_memory_win.cc(73)] ReadMemory at 0x75180000 of 64 bytes failed: Only part of a ReadProcessMemory or WriteProcessMemory request was completed. (0x12B)
[0905/170124.149:WARNING:pe_image_reader.cc(340)] could not read dos header from C:\WINDOWS\System32\kernel.appcore.dll
[0905/170124.149:ERROR:process_memory_win.cc(73)] ReadMemory at 0x755b0000 of 64 bytes failed: Only part of a ReadProcessMemory or WriteProcessMemory request was completed. (0x12B)
[0905/170124.149:WARNING:pe_image_reader.cc(340)] could not read dos header from C:\WINDOWS\System32\bcrypt.dll
[0905/170124.150:ERROR:process_memory_win.cc(73)] ReadMemory at 0x68b20000 of 64 bytes failed: Only part of a ReadProcessMemory or WriteProcessMemory request was completed. (0x12B)
[0905/170124.150:WARNING:pe_image_reader.cc(340)] could not read dos header from C:\WINDOWS\SYSTEM32\dbghelp.dll
[0905/170124.150:ERROR:process_memory_win.cc(73)] ReadMemory at 0x6d6c0000 of 64 bytes failed: Only part of a ReadProcessMemory or WriteProcessMemory request was completed. (0x12B)
[0905/170124.150:WARNING:pe_image_reader.cc(340)] could not read dos header from C:\WINDOWS\SYSTEM32\WINHTTP.dll
[0905/170124.150:ERROR:process_memory_win.cc(73)] ReadMemory at 0x6c810000 of 64 bytes failed: Only part of a ReadProcessMemory or WriteProcessMemory request was completed. (0x12B)
[0905/170124.151:WARNING:pe_image_reader.cc(340)] could not read dos header from C:\WINDOWS\SYSTEM32\dhcpcsvc.DLL
[0905/170124.151:ERROR:process_memory_win.cc(73)] ReadMemory at 0x77120000 of 64 bytes failed: Only part of a ReadProcessMemory or WriteProcessMemory request was completed. (0x12B)
[0905/170124.151:WARNING:pe_image_reader.cc(340)] could not read dos header from C:\WINDOWS\System32\NSI.dll
[0905/170124.151:ERROR:process_memory_win.cc(73)] ReadMemory at 0x72e50000 of 64 bytes failed: Only part of a ReadProcessMemory or WriteProcessMemory request was completed. (0x12B)
[0905/170124.151:WARNING:pe_image_reader.cc(340)] could not read dos header from C:\WINDOWS\SYSTEM32\PROPSYS.dll
[0905/170124.151:ERROR:process_memory_win.cc(73)] ReadMemory at 0x75fd0000 of 64 bytes failed: Only part of a ReadProcessMemory or WriteProcessMemory request was completed. (0x12B)
[0905/170124.151:WARNING:pe_image_reader.cc(340)] could not read dos header from C:\WINDOWS\System32\shcore.dll
[0905/170124.151:ERROR:process_memory_win.cc(73)] ReadMemory at 0x75040000 of 64 bytes failed: Only part of a ReadProcessMemory or WriteProcessMemory request was completed. (0x12B)
[0905/170124.151:WARNING:pe_image_reader.cc(340)] could not read dos header from C:\WINDOWS\SYSTEM32\SSPICLI.DLL
[0905/170124.151:ERROR:process_memory_win.cc(73)] ReadMemory at 0x74c30000 of 64 bytes failed: Only part of a ReadProcessMemory or WriteProcessMemory request was completed. (0x12B)
[0905/170124.151:WARNING:pe_image_reader.cc(340)] could not read dos header from C:\WINDOWS\SYSTEM32\CRYPTBASE.DLL
[0905/170124.921:ERROR:process_memory_win.cc(73)] ReadMemory at 0xd71000 of 61440 bytes failed: Only part of a ReadProcessMemory or WriteProcessMemory request was completed. (0x12B)
[0905/170124.921:ERROR:process_memory_win.cc(73)] ReadMemory at 0x4efe000 of 8192 bytes failed: Only part of a ReadProcessMemory or WriteProcessMemory request was completed. (0x12B)
[0905/170124.921:ERROR:process_memory_win.cc(73)] ReadMemory at 0x50fe000 of 8192 bytes failed: Only part of a ReadProcessMemory or WriteProcessMemory request was completed. (0x12B)
[0905/170124.984:ERROR:process_memory_win.cc(73)] ReadMemory at 0x51fd000 of 12288 bytes failed: Only part of a ReadProcessMemory or WriteProcessMemory request was completed. (0x12B)
[0905/170124.985:ERROR:process_memory_win.cc(73)] ReadMemory at 0x537f000 of 4096 bytes failed: Only part of a ReadProcessMemory or WriteProcessMemory request was completed. (0x12B)
[0905/170124.985:ERROR:process_memory_win.cc(73)] ReadMemory at 0x547e000 of 8192 bytes failed: Only part of a ReadProcessMemory or WriteProcessMemory request was completed. (0x12B)
[0905/170124.985:ERROR:process_memory_win.cc(73)] ReadMemory at 0x5afd000 of 12288 bytes failed: Only part of a ReadProcessMemory or WriteProcessMemory request was completed. (0x12B)
[0905/170124.985:ERROR:process_memory_win.cc(73)] ReadMemory at 0x5bfe000 of 8192 bytes failed: Only part of a ReadProcessMemory or WriteProcessMemory request was completed. (0x12B)
[0905/170124.985:ERROR:process_memory_win.cc(73)] ReadMemory at 0x5cfb000 of 20480 bytes failed: Only part of a ReadProcessMemory or WriteProcessMemory request was completed. (0x12B)
[0905/170124.986:ERROR:process_memory_win.cc(73)] ReadMemory at 0x5dfb000 of 20480 bytes failed: Only part of a ReadProcessMemory or WriteProcessMemory request was completed. (0x12B)
[0905/170124.986:ERROR:process_memory_win.cc(73)] ReadMemory at 0x90fe000 of 8192 bytes failed: Only part of a ReadProcessMemory or WriteProcessMemory request was completed. (0x12B)
[0905/170124.986:ERROR:process_memory_win.cc(73)] ReadMemory at 0x404fe000 of 8192 bytes failed: Only part of a ReadProcessMemory or WriteProcessMemory request was completed. (0x12B)
[0905/170124.986:ERROR:process_memory_win.cc(73)] ReadMemory at 0x37aff000 of 4096 bytes failed: Only part of a ReadProcessMemory or WriteProcessMemory request was completed. (0x12B)
[0905/170125.191:ERROR:process_memory_win.cc(73)] ReadMemory at 0xb14000 of 560 bytes failed: Only part of a ReadProcessMemory or WriteProcessMemory request was completed. (0x12B)
[0905/170125.287:ERROR:process_memory_win.cc(73)] ReadMemory at 0xb15000 of 3992 bytes failed: Only part of a ReadProcessMemory or WriteProcessMemory request was completed. (0x12B)
[0905/170125.287:ERROR:process_memory_win.cc(73)] ReadMemory at 0xb16000 of 3992 bytes failed: Only part of a ReadProcessMemory or WriteProcessMemory request was completed. (0x12B)
[0905/170125.311:ERROR:process_memory_win.cc(73)] ReadMemory at 0xb18000 of 3992 bytes failed: Only part of a ReadProcessMemory or WriteProcessMemory request was completed. (0x12B)
[0905/170125.311:ERROR:process_memory_win.cc(73)] ReadMemory at 0xb19000 of 3992 bytes failed: Only part of a ReadProcessMemory or WriteProcessMemory request was completed. (0x12B)
[0905/170125.311:ERROR:process_memory_win.cc(73)] ReadMemory at 0xb1a000 of 3992 bytes failed: Only part of a ReadProcessMemory or WriteProcessMemory request was completed. (0x12B)
[0905/170125.312:ERROR:process_memory_win.cc(73)] ReadMemory at 0xb1b000 of 3992 bytes failed: Only part of a ReadProcessMemory or WriteProcessMemory request was completed. (0x12B)
[0905/170125.446:ERROR:process_memory_win.cc(73)] ReadMemory at 0xb1c000 of 3992 bytes failed: Only part of a ReadProcessMemory or WriteProcessMemory request was completed. (0x12B)
[0905/170125.447:ERROR:process_memory_win.cc(73)] ReadMemory at 0xb1d000 of 3992 bytes failed: Only part of a ReadProcessMemory or WriteProcessMemory request was completed. (0x12B)
[0905/170125.447:ERROR:process_memory_win.cc(73)] ReadMemory at 0xb1e000 of 3992 bytes failed: Only part of a ReadProcessMemory or WriteProcessMemory request was completed. (0x12B)
[0905/170125.448:ERROR:process_memory_win.cc(73)] ReadMemory at 0xb1f000 of 3992 bytes failed: Only part of a ReadProcessMemory or WriteProcessMemory request was completed. (0x12B)
[0905/170125.448:ERROR:process_memory_win.cc(73)] ReadMemory at 0xb25000 of 3992 bytes failed: Only part of a ReadProcessMemory or WriteProcessMemory request was completed. (0x12B)
[0905/170125.449:ERROR:process_memory_win.cc(73)] ReadMemory at 0xba4000 of 3992 bytes failed: Only part of a ReadProcessMemory or WriteProcessMemory request was completed. (0x12B)
[0905/170125.449:ERROR:process_memory_win.cc(73)] ReadMemory at 0xba5000 of 3992 bytes failed: Only part of a ReadProcessMemory or WriteProcessMemory request was completed. (0x12B)
[0905/170125.450:ERROR:process_memory_win.cc(73)] ReadMemory at 0x3050000 of 384 bytes failed: Only part of a ReadProcessMemory or WriteProcessMemory request was completed. (0x12B)
[0905/170125.450:ERROR:process_memory_win.cc(73)] ReadMemory at 0x3050af0 of 17178 bytes failed: Only part of a ReadProcessMemory or WriteProcessMemory request was completed. (0x12B)
[0905/170125.450:ERROR:process_memory_win.cc(73)] ReadMemory at 0x3054e18 of 660 bytes failed: Only part of a ReadProcessMemory or WriteProcessMemory request was completed. (0x12B)
[0905/170125.451:ERROR:process_memory_win.cc(73)] ReadMemory at 0x30552dc of 106 bytes failed: Only part of a ReadProcessMemory or WriteProcessMemory request was completed. (0x12B)
[0905/170125.451:ERROR:process_memory_win.cc(73)] ReadMemory at 0x3055348 of 718 bytes failed: Only part of a ReadProcessMemory or WriteProcessMemory request was completed. (0x12B)
[0905/170125.451:ERROR:process_memory_win.cc(73)] ReadMemory at 0x3055618 of 106 bytes failed: Only part of a ReadProcessMemory or WriteProcessMemory request was completed. (0x12B)
[0905/170125.451:ERROR:process_memory_win.cc(73)] ReadMemory at 0x3055684 of 96 bytes failed: Only part of a ReadProcessMemory or WriteProcessMemory request was completed. (0x12B)
[0905/170125.451:ERROR:process_memory_win.cc(73)] ReadMemory at 0x30556f0 of 58 bytes failed: Only part of a ReadProcessMemory or WriteProcessMemory request was completed. (0x12B)
[0905/170125.452:ERROR:process_memory_win.cc(73)] ReadMemory at 0x30557e0 of 72 bytes failed: Only part of a ReadProcessMemory or WriteProcessMemory request was completed. (0x12B)
[0905/170125.452:ERROR:process_memory_win.cc(73)] ReadMemory at 0x30558c8 of 72 bytes failed: Only part of a ReadProcessMemory or WriteProcessMemory request was completed. (0x12B)
[0905/170125.452:ERROR:process_memory_win.cc(73)] ReadMemory at 0x30559c8 of 112 bytes failed: Only part of a ReadProcessMemory or WriteProcessMemory request was completed. (0x12B)
[0905/170125.452:ERROR:process_memory_win.cc(73)] ReadMemory at 0x3055cf8 of 72 bytes failed: Only part of a ReadProcessMemory or WriteProcessMemory request was completed. (0x12B)
[0905/170125.453:ERROR:process_memory_win.cc(73)] ReadMemory at 0x3055de0 of 64 bytes failed: Only part of a ReadProcessMemory or WriteProcessMemory request was completed. (0x12B)
[0905/170125.453:ERROR:process_memory_win.cc(73)] ReadMemory at 0x3055ec0 of 72 bytes failed: Only part of a ReadProcessMemory or WriteProcessMemory request was completed. (0x12B)
[0905/170125.453:ERROR:process_memory_win.cc(73)] ReadMemory at 0x3056058 of 72 bytes failed: Only part of a ReadProcessMemory or WriteProcessMemory request was completed. (0x12B)
[0905/170125.571:ERROR:process_memory_win.cc(73)] ReadMemory at 0x3056140 of 68 bytes failed: Only part of a ReadProcessMemory or WriteProcessMemory request was completed. (0x12B)
[0905/170125.571:ERROR:process_memory_win.cc(73)] ReadMemory at 0x3056bb0 of 72 bytes failed: Only part of a ReadProcessMemory or WriteProcessMemory request was completed. (0x12B)
[0905/170125.571:ERROR:process_memory_win.cc(73)] ReadMemory at 0x3056c60 of 140 bytes failed: Only part of a ReadProcessMemory or WriteProcessMemory request was completed. (0x12B)
[0905/170125.571:ERROR:process_memory_win.cc(73)] ReadMemory at 0x30577f0 of 62 bytes failed: Only part of a ReadProcessMemory or WriteProcessMemory request was completed. (0x12B)
[0905/170125.626:ERROR:process_memory_win.cc(73)] ReadMemory at 0x30578c8 of 72 bytes failed: Only part of a ReadProcessMemory or WriteProcessMemory request was completed. (0x12B)
[0905/170125.626:ERROR:process_memory_win.cc(73)] ReadMemory at 0x3057978 of 60 bytes failed: Only part of a ReadProcessMemory or WriteProcessMemory request was completed. (0x12B)
[0905/170125.627:ERROR:process_memory_win.cc(73)] ReadMemory at 0x3064428 of 54 bytes failed: Only part of a ReadProcessMemory or WriteProcessMemory request was completed. (0x12B)
[0905/170125.627:ERROR:process_memory_win.cc(73)] ReadMemory at 0x3065c18 of 64 bytes failed: Only part of a ReadProcessMemory or WriteProcessMemory request was completed. (0x12B)
[0905/170125.627:ERROR:process_memory_win.cc(73)] ReadMemory at 0x3065c68 of 64 bytes failed: Only part of a ReadProcessMemory or WriteProcessMemory request was completed. (0x12B)
[0905/170125.628:ERROR:process_memory_win.cc(73)] ReadMemory at 0x3065d08 of 64 bytes failed: Only part of a ReadProcessMemory or WriteProcessMemory request was completed. (0x12B)
[0905/170125.698:ERROR:process_memory_win.cc(73)] ReadMemory at 0x3065d58 of 64 bytes failed: Only part of a ReadProcessMemory or WriteProcessMemory request was completed. (0x12B)
[0905/170125.698:ERROR:process_memory_win.cc(73)] ReadMemory at 0x3065df8 of 64 bytes failed: Only part of a ReadProcessMemory or WriteProcessMemory request was completed. (0x12B)
[0905/170125.698:ERROR:process_memory_win.cc(73)] ReadMemory at 0x3065e48 of 64 bytes failed: Only part of a ReadProcessMemory or WriteProcessMemory request was completed. (0x12B)
[0905/170125.698:ERROR:process_memory_win.cc(73)] ReadMemory at 0x3066078 of 64 bytes failed: Only part of a ReadProcessMemory or WriteProcessMemory request was completed. (0x12B)
[0905/170125.767:ERROR:process_memory_win.cc(73)] ReadMemory at 0x3066168 of 66 bytes failed: Only part of a ReadProcessMemory or WriteProcessMemory request was completed. (0x12B)
[0905/170125.768:ERROR:process_memory_win.cc(73)] ReadMemory at 0x30662a8 of 66 bytes failed: Only part of a ReadProcessMemory or WriteProcessMemory request was completed. (0x12B)
[0905/170125.768:ERROR:process_memory_win.cc(73)] ReadMemory at 0x30662f8 of 64 bytes failed: Only part of a ReadProcessMemory or WriteProcessMemory request was completed. (0x12B)
[0905/170125.768:ERROR:process_memory_win.cc(73)] ReadMemory at 0x3067d80 of 72 bytes failed: Only part of a ReadProcessMemory or WriteProcessMemory request was completed. (0x12B)
[0905/170125.768:ERROR:process_memory_win.cc(73)] ReadMemory at 0x3067e30 of 132 bytes failed: Only part of a ReadProcessMemory or WriteProcessMemory request was completed. (0x12B)
[0905/170125.769:ERROR:process_memory_win.cc(73)] ReadMemory at 0x3068040 of 72 bytes failed: Only part of a ReadProcessMemory or WriteProcessMemory request was completed. (0x12B)
[0905/170125.769:ERROR:process_memory_win.cc(73)] ReadMemory at 0x3068188 of 80 bytes failed: Only part of a ReadProcessMemory or WriteProcessMemory request was completed. (0x12B)
[0905/170125.769:ERROR:process_memory_win.cc(73)] ReadMemory at 0x30681f0 of 72 bytes failed: Only part of a ReadProcessMemory or WriteProcessMemory request was completed. (0x12B)
[0905/170125.769:ERROR:process_memory_win.cc(73)] ReadMemory at 0x3068318 of 72 bytes failed: Only part of a ReadProcessMemory or WriteProcessMemory request was completed. (0x12B)
[0905/170125.769:ERROR:process_memory_win.cc(73)] ReadMemory at 0x3068508 of 72 bytes failed: Only part of a ReadProcessMemory or WriteProcessMemory request was completed. (0x12B)
[0905/170125.770:ERROR:process_memory_win.cc(73)] ReadMemory at 0x30685f0 of 72 bytes failed: Only part of a ReadProcessMemory or WriteProcessMemory request was completed. (0x12B)
[0905/170125.770:ERROR:process_memory_win.cc(73)] ReadMemory at 0x30686a0 of 80 bytes failed: Only part of a ReadProcessMemory or WriteProcessMemory request was completed. (0x12B)
[0905/170125.770:ERROR:process_memory_win.cc(73)] ReadMemory at 0x3070c38 of 60 bytes failed: Only part of a ReadProcessMemory or WriteProcessMemory request was completed. (0x12B)
[0905/170125.770:ERROR:process_memory_win.cc(73)] ReadMemory at 0x3070c80 of 62 bytes failed: Only part of a ReadProcessMemory or WriteProcessMemory request was completed. (0x12B)
[0905/170125.771:ERROR:process_memory_win.cc(73)] ReadMemory at 0x3070cc8 of 60 bytes failed: Only part of a ReadProcessMemory or WriteProcessMemory request was completed. (0x12B)
[0905/170125.798:ERROR:process_memory_win.cc(73)] ReadMemory at 0x3070ec0 of 62 bytes failed: Only part of a ReadProcessMemory or WriteProcessMemory request was completed. (0x12B)
[0905/170125.799:ERROR:process_memory_win.cc(73)] ReadMemory at 0x3071100 of 58 bytes failed: Only part of a ReadProcessMemory or WriteProcessMemory request was completed. (0x12B)
[0905/170125.801:ERROR:process_memory_win.cc(73)] ReadMemory at 0x3071538 of 60 bytes failed: Only part of a ReadProcessMemory or WriteProcessMemory request was completed. (0x12B)
[0905/170125.801:ERROR:process_memory_win.cc(73)] ReadMemory at 0x3071610 of 62 bytes failed: Only part of a ReadProcessMemory or WriteProcessMemory request was completed. (0x12B)
[0905/170125.802:ERROR:process_memory_win.cc(73)] ReadMemory at 0x3071658 of 62 bytes failed: Only part of a ReadProcessMemory or WriteProcessMemory request was completed. (0x12B)
[0905/170125.802:ERROR:process_memory_win.cc(73)] ReadMemory at 0x30716a0 of 60 bytes failed: Only part of a ReadProcessMemory or WriteProcessMemory request was completed. (0x12B)
[0905/170125.802:ERROR:process_memory_win.cc(73)] ReadMemory at 0x30716e8 of 62 bytes failed: Only part of a ReadProcessMemory or WriteProcessMemory request was completed. (0x12B)
[0905/170125.803:ERROR:process_memory_win.cc(73)] ReadMemory at 0x3071730 of 62 bytes failed: Only part of a ReadProcessMemory or WriteProcessMemory request was completed. (0x12B)
[0905/170125.803:ERROR:process_memory_win.cc(73)] ReadMemory at 0x3071808 of 60 bytes failed: Only part of a ReadProcessMemory or WriteProcessMemory request was completed. (0x12B)
[0905/170125.803:ERROR:process_memory_win.cc(73)] ReadMemory at 0x3071898 of 60 bytes failed: Only part of a ReadProcessMemory or WriteProcessMemory request was completed. (0x12B)
[0905/170125.804:ERROR:process_memory_win.cc(73)] ReadMemory at 0x30718e0 of 62 bytes failed: Only part of a ReadProcessMemory or WriteProcessMemory request was completed. (0x12B)
[0905/170125.804:ERROR:process_memory_win.cc(73)] ReadMemory at 0x3071928 of 62 bytes failed: Only part of a ReadProcessMemory or WriteProcessMemory request was completed. (0x12B)
[0905/170125.805:ERROR:process_memory_win.cc(73)] ReadMemory at 0x3071970 of 62 bytes failed: Only part of a ReadProcessMemory or WriteProcessMemory request was completed. (0x12B)
[0905/170125.805:ERROR:process_memory_win.cc(73)] ReadMemory at 0x3071a90 of 62 bytes failed: Only part of a ReadProcessMemory or WriteProcessMemory request was completed. (0x12B)
[0905/170125.805:ERROR:process_memory_win.cc(73)] ReadMemory at 0x30733c8 of 72 bytes failed: Only part of a ReadProcessMemory or WriteProcessMemory request was completed. (0x12B)
[0905/170125.805:ERROR:process_memory_win.cc(73)] ReadMemory at 0x3073b78 of 72 bytes failed: Only part of a ReadProcessMemory or WriteProcessMemory request was completed. (0x12B)
[0905/170125.806:ERROR:process_memory_win.cc(73)] ReadMemory at 0x3073c90 of 72 bytes failed: Only part of a ReadProcessMemory or WriteProcessMemory request was completed. (0x12B)
[0905/170125.807:ERROR:process_memory_win.cc(73)] ReadMemory at 0x3074120 of 76 bytes failed: Only part of a ReadProcessMemory or WriteProcessMemory request was completed. (0x12B)
[0905/170125.807:ERROR:process_memory_win.cc(73)] ReadMemory at 0x3078330 of 72 bytes failed: Only part of a ReadProcessMemory or WriteProcessMemory request was completed. (0x12B)
[0905/170125.807:ERROR:process_memory_win.cc(73)] ReadMemory at 0x3078490 of 72 bytes failed: Only part of a ReadProcessMemory or WriteProcessMemory request was completed. (0x12B)
[0905/170125.807:ERROR:process_memory_win.cc(73)] ReadMemory at 0x3078540 of 72 bytes failed: Only part of a ReadProcessMemory or WriteProcessMemory request was completed. (0x12B)
[0905/170125.808:ERROR:process_memory_win.cc(73)] ReadMemory at 0x30785f0 of 72 bytes failed: Only part of a ReadProcessMemory or WriteProcessMemory request was completed. (0x12B)
[0905/170125.808:ERROR:process_memory_win.cc(73)] ReadMemory at 0x30786a0 of 72 bytes failed: Only part of a ReadProcessMemory or WriteProcessMemory request was completed. (0x12B)
[0905/170125.808:ERROR:process_memory_win.cc(73)] ReadMemory at 0x3078750 of 72 bytes failed: Only part of a ReadProcessMemory or WriteProcessMemory request was completed. (0x12B)
[0905/170125.808:ERROR:process_memory_win.cc(73)] ReadMemory at 0x3078800 of 72 bytes failed: Only part of a ReadProcessMemory or WriteProcessMemory request was completed. (0x12B)
[0905/170125.810:ERROR:process_memory_win.cc(73)] ReadMemory at 0x30788b0 of 72 bytes failed: Only part of a ReadProcessMemory or WriteProcessMemory request was completed. (0x12B)
[0905/170125.810:ERROR:process_memory_win.cc(73)] ReadMemory at 0x3078960 of 72 bytes failed: Only part of a ReadProcessMemory or WriteProcessMemory request was completed. (0x12B)
[0905/170125.811:ERROR:process_memory_win.cc(73)] ReadMemory at 0x3078a10 of 72 bytes failed: Only part of a ReadProcessMemory or WriteProcessMemory request was completed. (0x12B)
[0905/170125.811:ERROR:process_memory_win.cc(73)] ReadMemory at 0x3078ac0 of 72 bytes failed: Only part of a ReadProcessMemory or WriteProcessMemory request was completed. (0x12B)
[0905/170125.812:ERROR:process_memory_win.cc(73)] ReadMemory at 0x3078b70 of 72 bytes failed: Only part of a ReadProcessMemory or WriteProcessMemory request was completed. (0x12B)
[0905/170125.812:ERROR:process_memory_win.cc(73)] ReadMemory at 0x3078c20 of 72 bytes failed: Only part of a ReadProcessMemory or WriteProcessMemory request was completed. (0x12B)
[0905/170125.813:ERROR:process_memory_win.cc(73)] ReadMemory at 0x3078cd0 of 72 bytes failed: Only part of a ReadProcessMemory or WriteProcessMemory request was completed. (0x12B)
[0905/170125.814:ERROR:process_memory_win.cc(73)] ReadMemory at 0x3078d80 of 72 bytes failed: Only part of a ReadProcessMemory or WriteProcessMemory request was completed. (0x12B)
[0905/170125.814:ERROR:process_memory_win.cc(73)] ReadMemory at 0x3078e30 of 72 bytes failed: Only part of a ReadProcessMemory or WriteProcessMemory request was completed. (0x12B)
[0905/170125.814:ERROR:process_memory_win.cc(73)] ReadMemory at 0x3078ee0 of 72 bytes failed: Only part of a ReadProcessMemory or WriteProcessMemory request was completed. (0x12B)
[0905/170125.814:ERROR:process_memory_win.cc(73)] ReadMemory at 0x3078f90 of 72 bytes failed: Only part of a ReadProcessMemory or WriteProcessMemory request was completed. (0x12B)
[0905/170125.814:ERROR:process_memory_win.cc(73)] ReadMemory at 0x3079040 of 72 bytes failed: Only part of a ReadProcessMemory or WriteProcessMemory request was completed. (0x12B)
[0905/170125.814:ERROR:process_memory_win.cc(73)] ReadMemory at 0x30790f0 of 72 bytes failed: Only part of a ReadProcessMemory or WriteProcessMemory request was completed. (0x12B)
[0905/170125.815:ERROR:process_memory_win.cc(73)] ReadMemory at 0x30791a0 of 72 bytes failed: Only part of a ReadProcessMemory or WriteProcessMemory request was completed. (0x12B)
[0905/170125.836:ERROR:process_memory_win.cc(73)] ReadMemory at 0x3079250 of 72 bytes failed: Only part of a ReadProcessMemory or WriteProcessMemory request was completed. (0x12B)
[0905/170125.837:ERROR:process_memory_win.cc(73)] ReadMemory at 0x307c7e8 of 72 bytes failed: Only part of a ReadProcessMemory or WriteProcessMemory request was completed. (0x12B)
[0905/170125.840:ERROR:process_memory_win.cc(73)] ReadMemory at 0x30877d8 of 512 bytes failed: Only part of a ReadProcessMemory or WriteProcessMemory request was completed. (0x12B)
[0905/170125.840:ERROR:process_memory_win.cc(73)] ReadMemory at 0x30c5700 of 512 bytes failed: Only part of a ReadProcessMemory or WriteProcessMemory request was completed. (0x12B)
[0905/170125.840:ERROR:process_memory_win.cc(73)] ReadMemory at 0x30cdbc0 of 512 bytes failed: Only part of a ReadProcessMemory or WriteProcessMemory request was completed. (0x12B)
[0905/170125.841:ERROR:process_memory_win.cc(73)] ReadMemory at 0x30eb0d0 of 512 bytes failed: Only part of a ReadProcessMemory or WriteProcessMemory request was completed. (0x12B)
[0905/170125.841:ERROR:process_memory_win.cc(73)] ReadMemory at 0x562ccec of 558 bytes failed: Only part of a ReadProcessMemory or WriteProcessMemory request was completed. (0x12B)
[0905/170125.841:ERROR:process_memory_win.cc(73)] ReadMemory at 0x3c838b48 of 512 bytes failed: Only part of a ReadProcessMemory or WriteProcessMemory request was completed. (0x12B)
[0905/170125.842:ERROR:process_memory_win.cc(73)] ReadMemory at 0x5d55e1c0 of 512 bytes failed: Only part of a ReadProcessMemory or WriteProcessMemory request was completed. (0x12B)
[0905/170125.842:ERROR:process_memory_win.cc(73)] ReadMemory at 0x5d55e7c0 of 512 bytes failed: Only part of a ReadProcessMemory or WriteProcessMemory request was completed. (0x12B)
[0905/170125.842:ERROR:process_memory_win.cc(73)] ReadMemory at 0x778b8010 of 18 bytes failed: Only part of a ReadProcessMemory or WriteProcessMemory request was completed. (0x12B)
[0905/170125.842:ERROR:process_memory_win.cc(73)] ReadMemory at 0x778eff69 of 512 bytes failed: Only part of a ReadProcessMemory or WriteProcessMemory request was completed. (0x12B)
[0905/170125.842:ERROR:process_memory_win.cc(73)] ReadMemory at 0x77941670 of 512 bytes failed: Only part of a ReadProcessMemory or WriteProcessMemory request was completed. (0x12B)
[0905/170125.843:ERROR:process_memory_win.cc(73)] ReadMemory at 0x779ca378 of 24 bytes failed: Only part of a ReadProcessMemory or WriteProcessMemory request was completed. (0x12B)
[0905/170125.843:ERROR:process_memory_win.cc(73)] ReadMemory at 0x779ca714 of 32 bytes failed: Only part of a ReadProcessMemory or WriteProcessMemory request was completed. (0x12B)
[0905/170125.843:ERROR:process_memory_win.cc(73)] ReadMemory at 0x779ccb80 of 36 bytes failed: Only part of a ReadProcessMemory or WriteProcessMemory request was completed. (0x12B)
[0905/170125.939:ERROR:scoped_process_suspend.cc(40)] NtResumeProcess: An attempt was made to access an exiting process. (0xc000010a)
